<?xml version="1.0" encoding="UTF-8"?>
<coverage generated="1672984548889" clover="3.2.0">
  <project timestamp="1672984548889" name="All files">
    <metrics statements="2" coveredstatements="2" conditionals="0" coveredconditionals="0" methods="0" coveredmethods="0" elements="2" coveredelements="2" complexity="0" loc="2" ncloc="2" packages="1" files="1" classes="1"/>
    <file name="MainHome.vue" path="C:\Users\luisr\Documents\code_projects\vue-js-testing-and-debugging-2399300\src\views\MainHome.vue">
      <metrics statements="2" coveredstatements="2" conditionals="0" coveredconditionals="0" methods="0" coveredmethods="0"/>
      <line num="56" count="1" type="stmt"/>
      <line num="80" count="1" type="stmt"/>
    </file>
  </project>
</coverage>
